<?xml version="1.0" encoding="UTF-8"?>
<testsuite xmlns:xsi="http://www.w3.org/2001/XMLSchema-instance" xsi:noNamespaceSchemaLocation="https://maven.apache.org/surefire/maven-surefire-plugin/xsd/surefire-test-report-3.0.xsd" version="3.0" name="com.edurekademo.utilities.TestLogger" time="0.062" tests="5" errors="0" skipped="0" failures="0">
  <properties>
[...]
</properties>
  <testcase name="testGetErrorMessage1" classname="com.edurekademo.utilities.TestLogger" time="0.062"/>
  <testcase name="testGetErrorMessage2" classname="com.edurekademo.utilities.TestLogger" time="0.056"/>
  <testcase name="testGetErrorMessage3" classname="com.edurekademo.utilities.TestLogger" time="0.052"/>
  <testcase name="testGetErrorMessage4" classname="com.edurekademo.utilities.TestLogger" time="0.044">
    <system-err><![CDATA[log4j:WARN No appenders could be found for logger (com.edurekademo.utilities.TestLogger).
log4j:WARN Please initialize the log4j system properly.
log4j:WARN See http://logging.apache.org/log4j/1.2/faq.html#noconfig for more info.
]]></system-err>
  </testcase>
  <testcase name="testGetErrorMessage5" classname="com.edurekademo.utilities.TestLogger" time="0.041">
    <system-out><![CDATA[***** java.lang.Exception: TEST MESSAGE
Cause:at com.edurekademo.utilities.ExceptionThrower.doCheck(ExceptionThrower.java:43)
Cause:at com.edurekademo.utilities.TestLogger.testGetErrorMessage5(TestLogger.java:75)
]]></system-out>
  </testcase>
</testsuite>